{"content": {"suites": {"0": {"status": {"total_pass": 1, "total_skip": 0, "total_xpass": 0, "total_xfail": 0, "total_rerun": 0, "total_fail": 0, "total_error": 0}, "tests": {"0": {"status": "PASS", "message": "", "test_name": "test_ActionByUserRole[GetData0]", "rerun": "0"}}, "suite_name": "test_ActionByUserRole.py"}, "1": {"suite_name": "test_AddBeneficiaries.py", "tests": {"0": {"status": "PASS", "message": "", "test_name": "test_TestAddBeneficiary[GetData0]", "rerun": "0"}}, "status": {"total_pass": 1, "total_skip": 0, "total_xpass": 0, "total_xfail": 0, "total_rerun": 0, "total_fail": 0, "total_error": 0}}, "2": {"suite_name": "test_AddMoney.py", "tests": {"0": {"status": "FAIL", "message": "   selenium.common.exceptions.NoSuchElementException: Message: no such element: Unable to locate element: {\"method\":\"css selector\",\"selector\":\"[id=\"settings-name\"]\"}\n     (Session info: chrome=120.0.6099.218); For documentation on this error, please visit: https://www.selenium.dev/documentation/webdriver/troubleshooting/errors#no-such-element-exception\n   Stacktrace:\n   \tGetHandleVerifier [0x00007FF6CF9782B2+55298]\n   \t(No symbol) [0x00007FF6CF8E5E02]\n   \t(No symbol) [0x00007FF6CF7A05AB]\n   \t(No symbol) [0x00007FF6CF7E175C]\n   \t(No symbol) [0x00007FF6CF7E18DC]\n   \t(No symbol) [0x00007FF6CF81CBC7]\n   \t(No symbol) [0x00007FF6CF8020EF]\n   \t(No symbol) [0x00007FF6CF81AAA4]\n   \t(No symbol) [0x00007FF6CF801E83]\n   \t(No symbol) [0x00007FF6CF7D670A]\n   \t(No symbol) [0x00007FF6CF7D7964]\n   \tGetHandleVerifier [0x00007FF6CFCF0AAB+3694587]\n   \tGetHandleVerifier [0x00007FF6CFD4728E+4048862]\n   \tGetHandleVerifier [0x00007FF6CFD3F173+4015811]\n   \tGetHandleVerifier [0x00007FF6CFA147D6+695590]\n   \t(No symbol) [0x00007FF6CF8F0CE8]\n   \t(No symbol) [0x00007FF6CF8ECF34]\n   \t(No symbol) [0x00007FF6CF8ED062]\n   \t(No symbol) [0x00007FF6CF8DD3A3]\n   \tBaseThreadInitThunk [0x00007FFC5A924DE0+16]\n   \tRtlUserThreadStart [0x00007FFC5C27EDAB+43]\n", "test_name": "test_AddMoneyToWallet[GetData0]", "rerun": "0"}}, "status": {"total_pass": 0, "total_skip": 0, "total_xpass": 0, "total_xfail": 0, "total_rerun": 0, "total_fail": 1, "total_error": 0}}, "3": {"suite_name": "test_AddPayer.py", "tests": {"0": {"status": "FAIL", "message": "   selenium.common.exceptions.NoSuchElementException: Message: no such element: Unable to locate element: {\"method\":\"xpath\",\"selector\":\"(//span[normalize-space()='Contacts'])[1]\"}\n     (Session info: chrome=120.0.6099.218); For documentation on this error, please visit: https://www.selenium.dev/documentation/webdriver/troubleshooting/errors#no-such-element-exception\n   Stacktrace:\n   \tGetHandleVerifier [0x00007FF6CF9782B2+55298]\n   \t(No symbol) [0x00007FF6CF8E5E02]\n   \t(No symbol) [0x00007FF6CF7A05AB]\n   \t(No symbol) [0x00007FF6CF7E175C]\n   \t(No symbol) [0x00007FF6CF7E18DC]\n   \t(No symbol) [0x00007FF6CF81CBC7]\n   \t(No symbol) [0x00007FF6CF8020EF]\n   \t(No symbol) [0x00007FF6CF81AAA4]\n   \t(No symbol) [0x00007FF6CF801E83]\n   \t(No symbol) [0x00007FF6CF7D670A]\n   \t(No symbol) [0x00007FF6CF7D7964]\n   \tGetHandleVerifier [0x00007FF6CFCF0AAB+3694587]\n   \tGetHandleVerifier [0x00007FF6CFD4728E+4048862]\n   \tGetHandleVerifier [0x00007FF6CFD3F173+4015811]\n   \tGetHandleVerifier [0x00007FF6CFA147D6+695590]\n   \t(No symbol) [0x00007FF6CF8F0CE8]\n   \t(No symbol) [0x00007FF6CF8ECF34]\n   \t(No symbol) [0x00007FF6CF8ED062]\n   \t(No symbol) [0x00007FF6CF8DD3A3]\n   \tBaseThreadInitThunk [0x00007FFC5A924DE0+16]\n   \tRtlUserThreadStart [0x00007FFC5C27EDAB+43]\n", "test_name": "test_TestAddPayer[GetData0]", "rerun": "0"}}, "status": {"total_pass": 0, "total_skip": 0, "total_xpass": 0, "total_xfail": 0, "total_rerun": 0, "total_fail": 1, "total_error": 0}}, "4": {"suite_name": "test_AddPayment.py", "tests": {"0": {"status": "FAIL", "message": "   selenium.common.exceptions.NoSuchElementException: Message: no such element: Unable to locate element: {\"method\":\"xpath\",\"selector\":\"(//a[@class='sidebar-item ng-star-inserted active'])[1]\"}\n     (Session info: chrome=120.0.6099.218); For documentation on this error, please visit: https://www.selenium.dev/documentation/webdriver/troubleshooting/errors#no-such-element-exception\n   Stacktrace:\n   \tGetHandleVerifier [0x00007FF6CF9782B2+55298]\n   \t(No symbol) [0x00007FF6CF8E5E02]\n   \t(No symbol) [0x00007FF6CF7A05AB]\n   \t(No symbol) [0x00007FF6CF7E175C]\n   \t(No symbol) [0x00007FF6CF7E18DC]\n   \t(No symbol) [0x00007FF6CF81CBC7]\n   \t(No symbol) [0x00007FF6CF8020EF]\n   \t(No symbol) [0x00007FF6CF81AAA4]\n   \t(No symbol) [0x00007FF6CF801E83]\n   \t(No symbol) [0x00007FF6CF7D670A]\n   \t(No symbol) [0x00007FF6CF7D7964]\n   \tGetHandleVerifier [0x00007FF6CFCF0AAB+3694587]\n   \tGetHandleVerifier [0x00007FF6CFD4728E+4048862]\n   \tGetHandleVerifier [0x00007FF6CFD3F173+4015811]\n   \tGetHandleVerifier [0x00007FF6CFA147D6+695590]\n   \t(No symbol) [0x00007FF6CF8F0CE8]\n   \t(No symbol) [0x00007FF6CF8ECF34]\n   \t(No symbol) [0x00007FF6CF8ED062]\n   \t(No symbol) [0x00007FF6CF8DD3A3]\n   \tBaseThreadInitThunk [0x00007FFC5A924DE0+16]\n   \tRtlUserThreadStart [0x00007FFC5C27EDAB+43]\n", "test_name": "test_PaymentDeshboredSscenario[GetData0]", "rerun": "0"}}, "status": {"total_pass": 0, "total_skip": 0, "total_xpass": 0, "total_xfail": 0, "total_rerun": 0, "total_fail": 1, "total_error": 0}}, "5": {"suite_name": "test_AddPaymentFromDeshboard.py", "tests": {"0": {"status": "FAIL", "message": "   selenium.common.exceptions.ElementClickInterceptedException: Message: element click intercepted: Element <input _ngcontent-xxi-c248=\"\" matinput=\"\" id=\"beneficiaryInput\" placeholder=\"Search\" aria-label=\"Search\" required=\"\" class=\"mat-mdc-input-element forHideShow ng-tns-c47-30 mat-mdc-form-field-input-control mdc-text-field__input ng-untouched ng-pristine ng-invalid cdk-text-field-autofill-monitored\" aria-required=\"true\"> is not clickable at point (960, 286). Other element would receive the click: <div class=\"bg-white loader section-loader\">...</div>\n     (Session info: chrome=120.0.6099.218)\n   Stacktrace:\n   \tGetHandleVerifier [0x00007FF6CF9782B2+55298]\n   \t(No symbol) [0x00007FF6CF8E5E02]\n   \t(No symbol) [0x00007FF6CF7A05AB]\n   \t(No symbol) [0x00007FF6CF7E7A77]\n   \t(No symbol) [0x00007FF6CF7E5E39]\n   \t(No symbol) [0x00007FF6CF7E3C08]\n   \t(No symbol) [0x00007FF6CF7E2C8A]\n   \t(No symbol) [0x00007FF6CF7D87BF]\n   \t(No symbol) [0x00007FF6CF8020AA]\n   \t(No symbol) [0x00007FF6CF7D80CF]\n   \t(No symbol) [0x00007FF6CF8022C0]\n   \t(No symbol) [0x00007FF6CF81AAA4]\n   \t(No symbol) [0x00007FF6CF801E83]\n   \t(No symbol) [0x00007FF6CF7D670A]\n   \t(No symbol) [0x00007FF6CF7D7964]\n   \tGetHandleVerifier [0x00007FF6CFCF0AAB+3694587]\n   \tGetHandleVerifier [0x00007FF6CFD4728E+4048862]\n   \tGetHandleVerifier [0x00007FF6CFD3F173+4015811]\n   \tGetHandleVerifier [0x00007FF6CFA147D6+695590]\n   \t(No symbol) [0x00007FF6CF8F0CE8]\n   \t(No symbol) [0x00007FF6CF8ECF34]\n   \t(No symbol) [0x00007FF6CF8ED062]\n   \t(No symbol) [0x00007FF6CF8DD3A3]\n   \tBaseThreadInitThunk [0x00007FFC5A924DE0+16]\n   \tRtlUserThreadStart [0x00007FFC5C27EDAB+43]\n", "test_name": "test_PaymentDeshbored[GetData0]", "rerun": "0"}}, "status": {"total_pass": 0, "total_skip": 0, "total_xpass": 0, "total_xfail": 0, "total_rerun": 0, "total_fail": 1, "total_error": 0}}, "6": {"suite_name": "test_ConverFromDashbaord.py", "tests": {"0": {"status": "FAIL", "message": "   selenium.common.exceptions.NoSuchElementException: Message: no such element: Unable to locate element: {\"method\":\"xpath\",\"selector\":\"(//p[@id='wallet-price'])[2]\"}\n     (Session info: chrome=120.0.6099.218); For documentation on this error, please visit: https://www.selenium.dev/documentation/webdriver/troubleshooting/errors#no-such-element-exception\n   Stacktrace:\n   \tGetHandleVerifier [0x00007FF6CF9782B2+55298]\n   \t(No symbol) [0x00007FF6CF8E5E02]\n   \t(No symbol) [0x00007FF6CF7A05AB]\n   \t(No symbol) [0x00007FF6CF7E175C]\n   \t(No symbol) [0x00007FF6CF7E18DC]\n   \t(No symbol) [0x00007FF6CF81CBC7]\n   \t(No symbol) [0x00007FF6CF8020EF]\n   \t(No symbol) [0x00007FF6CF81AAA4]\n   \t(No symbol) [0x00007FF6CF801E83]\n   \t(No symbol) [0x00007FF6CF7D670A]\n   \t(No symbol) [0x00007FF6CF7D7964]\n   \tGetHandleVerifier [0x00007FF6CFCF0AAB+3694587]\n   \tGetHandleVerifier [0x00007FF6CFD4728E+4048862]\n   \tGetHandleVerifier [0x00007FF6CFD3F173+4015811]\n   \tGetHandleVerifier [0x00007FF6CFA147D6+695590]\n   \t(No symbol) [0x00007FF6CF8F0CE8]\n   \t(No symbol) [0x00007FF6CF8ECF34]\n   \t(No symbol) [0x00007FF6CF8ED062]\n   \t(No symbol) [0x00007FF6CF8DD3A3]\n   \tBaseThreadInitThunk [0x00007FFC5A924DE0+16]\n   \tRtlUserThreadStart [0x00007FFC5C27EDAB+43]\n", "test_name": "test_Convert[GetData0]", "rerun": "0"}}, "status": {"total_pass": 0, "total_skip": 0, "total_xpass": 0, "total_xfail": 0, "total_rerun": 0, "total_fail": 1, "total_error": 0}}, "7": {"suite_name": "test_DasboardGui.py", "tests": {"0": {"status": "PASS", "message": "", "test_name": "test_AddMoneyToWallet[GetData0]", "rerun": "0"}}, "status": {"total_pass": 1, "total_skip": 0, "total_xpass": 0, "total_xfail": 0, "total_rerun": 0, "total_fail": 0, "total_error": 0}}, "8": {"suite_name": "test_LockUpFromDashboard.py", "tests": {"0": {"status": "FAIL", "message": "   assert 26.48 == 26.479999999981374\n", "test_name": "test_AddMoneyToWallet[GetData0]", "rerun": "0"}}, "status": {"total_pass": 0, "total_skip": 0, "total_xpass": 0, "total_xfail": 0, "total_rerun": 0, "total_fail": 1, "total_error": 0}}, "9": {"suite_name": "test_ReportAllTransaction.py", "tests": {"0": {"status": "PASS", "message": "", "test_name": "test_ReportAllTransaction[GetData0]", "rerun": "0"}}, "status": {"total_pass": 1, "total_skip": 0, "total_xpass": 0, "total_xfail": 0, "total_rerun": 0, "total_fail": 0, "total_error": 0}}, "10": {"suite_name": "test_TravelCash.py", "tests": {"0": {"status": "FAIL", "message": "   selenium.common.exceptions.NoSuchElementException: Message: no such element: Unable to locate element: {\"method\":\"xpath\",\"selector\":\"(//span[normalize-space()='Travel Cash'])[1]\"}\n     (Session info: chrome=120.0.6099.218); For documentation on this error, please visit: https://www.selenium.dev/documentation/webdriver/troubleshooting/errors#no-such-element-exception\n   Stacktrace:\n   \tGetHandleVerifier [0x00007FF6CF9782B2+55298]\n   \t(No symbol) [0x00007FF6CF8E5E02]\n   \t(No symbol) [0x00007FF6CF7A05AB]\n   \t(No symbol) [0x00007FF6CF7E175C]\n   \t(No symbol) [0x00007FF6CF7E18DC]\n   \t(No symbol) [0x00007FF6CF81CBC7]\n   \t(No symbol) [0x00007FF6CF8020EF]\n   \t(No symbol) [0x00007FF6CF81AAA4]\n   \t(No symbol) [0x00007FF6CF801E83]\n   \t(No symbol) [0x00007FF6CF7D670A]\n   \t(No symbol) [0x00007FF6CF7D7964]\n   \tGetHandleVerifier [0x00007FF6CFCF0AAB+3694587]\n   \tGetHandleVerifier [0x00007FF6CFD4728E+4048862]\n   \tGetHandleVerifier [0x00007FF6CFD3F173+4015811]\n   \tGetHandleVerifier [0x00007FF6CFA147D6+695590]\n   \t(No symbol) [0x00007FF6CF8F0CE8]\n   \t(No symbol) [0x00007FF6CF8ECF34]\n   \t(No symbol) [0x00007FF6CF8ED062]\n   \t(No symbol) [0x00007FF6CF8DD3A3]\n   \tBaseThreadInitThunk [0x00007FFC5A924DE0+16]\n   \tRtlUserThreadStart [0x00007FFC5C27EDAB+43]\n", "test_name": "test_TravelCash[GetData0]", "rerun": "0"}}, "status": {"total_pass": 0, "total_skip": 0, "total_xpass": 0, "total_xfail": 0, "total_rerun": 0, "total_fail": 1, "total_error": 0}}, "11": {"suite_name": "test_massPayment.py", "tests": {"0": {"status": "FAIL", "message": "   selenium.common.exceptions.NoSuchElementException: Message: no such element: Unable to locate element: {\"method\":\"xpath\",\"selector\":\"//button[text()='Selected (2)']\"}\n     (Session info: chrome=120.0.6099.218); For documentation on this error, please visit: https://www.selenium.dev/documentation/webdriver/troubleshooting/errors#no-such-element-exception\n   Stacktrace:\n   \tGetHandleVerifier [0x00007FF6CF9782B2+55298]\n   \t(No symbol) [0x00007FF6CF8E5E02]\n   \t(No symbol) [0x00007FF6CF7A05AB]\n   \t(No symbol) [0x00007FF6CF7E175C]\n   \t(No symbol) [0x00007FF6CF7E18DC]\n   \t(No symbol) [0x00007FF6CF81CBC7]\n   \t(No symbol) [0x00007FF6CF8020EF]\n   \t(No symbol) [0x00007FF6CF81AAA4]\n   \t(No symbol) [0x00007FF6CF801E83]\n   \t(No symbol) [0x00007FF6CF7D670A]\n   \t(No symbol) [0x00007FF6CF7D7964]\n   \tGetHandleVerifier [0x00007FF6CFCF0AAB+3694587]\n   \tGetHandleVerifier [0x00007FF6CFD4728E+4048862]\n   \tGetHandleVerifier [0x00007FF6CFD3F173+4015811]\n   \tGetHandleVerifier [0x00007FF6CFA147D6+695590]\n   \t(No symbol) [0x00007FF6CF8F0CE8]\n   \t(No symbol) [0x00007FF6CF8ECF34]\n   \t(No symbol) [0x00007FF6CF8ED062]\n   \t(No symbol) [0x00007FF6CF8DD3A3]\n   \tBaseThreadInitThunk [0x00007FFC5A924DE0+16]\n   \tRtlUserThreadStart [0x00007FFC5C27EDAB+43]\n", "test_name": "test_MassPayment[GetData0]", "rerun": "0"}}, "status": {"total_pass": 0, "total_skip": 0, "total_xpass": 0, "total_xfail": 0, "total_rerun": 0, "total_fail": 1, "total_error": 0}}, "12": {"suite_name": "test_mass_payment.py", "tests": {"0": {"status": "FAIL", "message": "   playwright._impl._errors.TimeoutError: Timeout 30000ms exceeded.\n", "test_name": "test_prod_mass_payment", "rerun": "0"}}, "status": {"total_pass": 0, "total_skip": 0, "total_xpass": 0, "total_xfail": 0, "total_rerun": 0, "total_fail": 1, "total_error": 0}}}}, "date": "January 17, 2024", "start_time": 1705491140.1547701, "total_suite": 13, "status": "FAIL", "status_list": {"pass": "4", "fail": "9", "skip": "0", "error": "0", "xpass": "0", "xfail": "0", "rerun": "0"}, "total_tests": "13"}