{"content": {"suites": {"0": {"status": {"total_pass": 4, "total_skip": 0, "total_xpass": 0, "total_xfail": 0, "total_rerun": 0, "total_fail": 2, "total_error": 0}, "tests": {"0": {"status": "FAIL", "message": "   selenium.common.exceptions.ElementClickInterceptedException: Message: element click intercepted: Element <div class=\"mat-mdc-select-arrow-wrapper ng-tns-c84-15\">...</div> is not clickable at point (727, 690). Other element would receive the click: <div class=\"cdk-overlay-backdrop cdk-overlay-transparent-backdrop cdk-overlay-backdrop-showing\"></div>\n     (Session info: chrome=117.0.5938.150)\n   Stacktrace:\n   \tGetHandleVerifier [0x00007FF6DD027D12+55474]\n   \t(No symbol) [0x00007FF6DCF977C2]\n   \t(No symbol) [0x00007FF6DCE4E0EB]\n   \t(No symbol) [0x00007FF6DCE94E7B]\n   \t(No symbol) [0x00007FF6DCE93249]\n   \t(No symbol) [0x00007FF6DCE91018]\n   \t(No symbol) [0x00007FF6DCE900D3]\n   \t(No symbol) [0x00007FF6DCE85DCF]\n   \t(No symbol) [0x00007FF6DCEAF15A]\n   \t(No symbol) [0x00007FF6DCE856E6]\n   \t(No symbol) [0x00007FF6DCEAF370]\n   \t(No symbol) [0x00007FF6DCEC7EF2]\n   \t(No symbol) [0x00007FF6DCEAEF33]\n   \t(No symbol) [0x00007FF6DCE83D41]\n   \t(No symbol) [0x00007FF6DCE84F84]\n   \tGetHandleVerifier [0x00007FF6DD38B762+3609346]\n   \tGetHandleVerifier [0x00007FF6DD3E1A80+3962400]\n   \tGetHandleVerifier [0x00007FF6DD3D9F0F+3930799]\n   \tGetHandleVerifier [0x00007FF6DD0C3CA6+694342]\n   \t(No symbol) [0x00007FF6DCFA2218]\n   \t(No symbol) [0x00007FF6DCF9E484]\n   \t(No symbol) [0x00007FF6DCF9E5B2]\n   \t(No symbol) [0x00007FF6DCF8EE13]\n   \tBaseThreadInitThunk [0x00007FF807634ED0+16]\n   \tRtlUserThreadStart [0x00007FF8090EE20B+43]\n", "test_name": "test_TestAddBeneficiary[GetData0]", "rerun": "0"}, "1": {"status": "PASS", "message": "", "test_name": "test_AddMoneyToWallet", "rerun": "0"}, "2": {"status": "FAIL", "message": "   selenium.common.exceptions.NoSuchElementException: Message: no such element: Unable to locate element: {\"method\":\"xpath\",\"selector\":\"(//h5[normalize-space()='Well done!'])[1]\"}\n     (Session info: chrome=117.0.5938.150); For documentation on this error, please visit: https://www.selenium.dev/documentation/webdriver/troubleshooting/errors#no-such-element-exception\n   Stacktrace:\n   \tGetHandleVerifier [0x00007FF6DD027D12+55474]\n   \t(No symbol) [0x00007FF6DCF977C2]\n   \t(No symbol) [0x00007FF6DCE4E0EB]\n   \t(No symbol) [0x00007FF6DCE8EBAC]\n   \t(No symbol) [0x00007FF6DCE8ED2C]\n   \t(No symbol) [0x00007FF6DCEC9F77]\n   \t(No symbol) [0x00007FF6DCEAF19F]\n   \t(No symbol) [0x00007FF6DCEC7EF2]\n   \t(No symbol) [0x00007FF6DCEAEF33]\n   \t(No symbol) [0x00007FF6DCE83D41]\n   \t(No symbol) [0x00007FF6DCE84F84]\n   \tGetHandleVerifier [0x00007FF6DD38B762+3609346]\n   \tGetHandleVerifier [0x00007FF6DD3E1A80+3962400]\n   \tGetHandleVerifier [0x00007FF6DD3D9F0F+3930799]\n   \tGetHandleVerifier [0x00007FF6DD0C3CA6+694342]\n   \t(No symbol) [0x00007FF6DCFA2218]\n   \t(No symbol) [0x00007FF6DCF9E484]\n   \t(No symbol) [0x00007FF6DCF9E5B2]\n   \t(No symbol) [0x00007FF6DCF8EE13]\n   \tBaseThreadInitThunk [0x00007FF807634ED0+16]\n   \tRtlUserThreadStart [0x00007FF8090EE20B+43]\n", "test_name": "test_TestAddPayer", "rerun": "0"}, "3": {"status": "PASS", "message": "", "test_name": "test_Convert", "rerun": "0"}, "4": {"status": "PASS", "message": "", "test_name": "test_payment_scenario", "rerun": "0"}, "5": {"status": "PASS", "message": "", "test_name": "test_TravelCash[GetData0]", "rerun": "0"}}, "suite_name": "Tests/test_E2E.py"}}}, "date": "October 11, 2023", "start_time": 1697024270.3860593, "total_suite": 1, "status": "FAIL", "status_list": {"pass": "4", "fail": "2", "skip": "0", "error": "0", "xpass": "0", "xfail": "0", "rerun": "0"}, "total_tests": "6"}