{"content": {"suites": {"0": {"status": {"total_pass": 2, "total_skip": 0, "total_xpass": 0, "total_xfail": 0, "total_rerun": 0, "total_fail": 4, "total_error": 0}, "tests": {"0": {"status": "FAIL", "message": "   selenium.common.exceptions.ElementClickInterceptedException: Message: element click intercepted: Element <div class=\"mat-mdc-select-arrow-wrapper ng-tns-c84-15\">...</div> is not clickable at point (727, 691). Other element would receive the click: <div class=\"cdk-overlay-backdrop cdk-overlay-transparent-backdrop cdk-overlay-backdrop-showing\"></div>\n     (Session info: chrome=118.0.5993.71)\n   Stacktrace:\n   \tGetHandleVerifier [0x00007FF6E2A88EF2+54786]\n   \t(No symbol) [0x00007FF6E29F5612]\n   \t(No symbol) [0x00007FF6E28AA64B]\n   \t(No symbol) [0x00007FF6E28F1A6B]\n   \t(No symbol) [0x00007FF6E28EFE39]\n   \t(No symbol) [0x00007FF6E28EDC08]\n   \t(No symbol) [0x00007FF6E28ECCC3]\n   \t(No symbol) [0x00007FF6E28E29CF]\n   \t(No symbol) [0x00007FF6E290BE6A]\n   \t(No symbol) [0x00007FF6E28E22E6]\n   \t(No symbol) [0x00007FF6E290C080]\n   \t(No symbol) [0x00007FF6E2924D02]\n   \t(No symbol) [0x00007FF6E290BC43]\n   \t(No symbol) [0x00007FF6E28E0941]\n   \t(No symbol) [0x00007FF6E28E1B84]\n   \tGetHandleVerifier [0x00007FF6E2DD7F52+3524194]\n   \tGetHandleVerifier [0x00007FF6E2E2D800+3874576]\n   \tGetHandleVerifier [0x00007FF6E2E25D7F+3843215]\n   \tGetHandleVerifier [0x00007FF6E2B25086+694166]\n   \t(No symbol) [0x00007FF6E2A00A88]\n   \t(No symbol) [0x00007FF6E29FCA94]\n   \t(No symbol) [0x00007FF6E29FCBC2]\n   \t(No symbol) [0x00007FF6E29ECC83]\n   \tBaseThreadInitThunk [0x00007FF807634ED0+16]\n   \tRtlUserThreadStart [0x00007FF8090EE20B+43]\n", "test_name": "test_TestAddBeneficiary[GetData0]", "rerun": "0"}, "1": {"status": "PASS", "message": "", "test_name": "test_AddMoneyToWallet", "rerun": "0"}, "2": {"status": "FAIL", "message": "   selenium.common.exceptions.NoSuchElementException: Message: no such element: Unable to locate element: {\"method\":\"xpath\",\"selector\":\"(//span[@class='mat-mdc-button-touch-target'])[9]\"}\n     (Session info: chrome=118.0.5993.71); For documentation on this error, please visit: https://www.selenium.dev/documentation/webdriver/troubleshooting/errors#no-such-element-exception\n   Stacktrace:\n   \tGetHandleVerifier [0x00007FF6E2A88EF2+54786]\n   \t(No symbol) [0x00007FF6E29F5612]\n   \t(No symbol) [0x00007FF6E28AA64B]\n   \t(No symbol) [0x00007FF6E28EB79C]\n   \t(No symbol) [0x00007FF6E28EB91C]\n   \t(No symbol) [0x00007FF6E2926D87]\n   \t(No symbol) [0x00007FF6E290BEAF]\n   \t(No symbol) [0x00007FF6E2924D02]\n   \t(No symbol) [0x00007FF6E290BC43]\n   \t(No symbol) [0x00007FF6E28E0941]\n   \t(No symbol) [0x00007FF6E28E1B84]\n   \tGetHandleVerifier [0x00007FF6E2DD7F52+3524194]\n   \tGetHandleVerifier [0x00007FF6E2E2D800+3874576]\n   \tGetHandleVerifier [0x00007FF6E2E25D7F+3843215]\n   \tGetHandleVerifier [0x00007FF6E2B25086+694166]\n   \t(No symbol) [0x00007FF6E2A00A88]\n   \t(No symbol) [0x00007FF6E29FCA94]\n   \t(No symbol) [0x00007FF6E29FCBC2]\n   \t(No symbol) [0x00007FF6E29ECC83]\n   \tBaseThreadInitThunk [0x00007FF807634ED0+16]\n   \tRtlUserThreadStart [0x00007FF8090EE20B+43]\n", "test_name": "test_TestAddPayer", "rerun": "0"}, "3": {"status": "FAIL", "message": "   selenium.common.exceptions.NoSuchElementException: Message: no such element: Unable to locate element: {\"method\":\"xpath\",\"selector\":\"//*[@id='mat-select-value-3']/span\"}\n     (Session info: chrome=118.0.5993.71); For documentation on this error, please visit: https://www.selenium.dev/documentation/webdriver/troubleshooting/errors#no-such-element-exception\n   Stacktrace:\n   \tGetHandleVerifier [0x00007FF6E2A88EF2+54786]\n   \t(No symbol) [0x00007FF6E29F5612]\n   \t(No symbol) [0x00007FF6E28AA64B]\n   \t(No symbol) [0x00007FF6E28EB79C]\n   \t(No symbol) [0x00007FF6E28EB91C]\n   \t(No symbol) [0x00007FF6E2926D87]\n   \t(No symbol) [0x00007FF6E290BEAF]\n   \t(No symbol) [0x00007FF6E2924D02]\n   \t(No symbol) [0x00007FF6E290BC43]\n   \t(No symbol) [0x00007FF6E28E0941]\n   \t(No symbol) [0x00007FF6E28E1B84]\n   \tGetHandleVerifier [0x00007FF6E2DD7F52+3524194]\n   \tGetHandleVerifier [0x00007FF6E2E2D800+3874576]\n   \tGetHandleVerifier [0x00007FF6E2E25D7F+3843215]\n   \tGetHandleVerifier [0x00007FF6E2B25086+694166]\n   \t(No symbol) [0x00007FF6E2A00A88]\n   \t(No symbol) [0x00007FF6E29FCA94]\n   \t(No symbol) [0x00007FF6E29FCBC2]\n   \t(No symbol) [0x00007FF6E29ECC83]\n   \tBaseThreadInitThunk [0x00007FF807634ED0+16]\n   \tRtlUserThreadStart [0x00007FF8090EE20B+43]\n", "test_name": "test_Convert", "rerun": "0"}, "4": {"status": "FAIL", "message": "   selenium.common.exceptions.TimeoutException: Message: \n   Stacktrace:\n   \tGetHandleVerifier [0x00007FF6E2A88EF2+54786]\n   \t(No symbol) [0x00007FF6E29F5612]\n   \t(No symbol) [0x00007FF6E28AA64B]\n   \t(No symbol) [0x00007FF6E28EB79C]\n   \t(No symbol) [0x00007FF6E28EB91C]\n   \t(No symbol) [0x00007FF6E2926D87]\n   \t(No symbol) [0x00007FF6E290BEAF]\n   \t(No symbol) [0x00007FF6E2924D02]\n   \t(No symbol) [0x00007FF6E290BC43]\n   \t(No symbol) [0x00007FF6E28E0941]\n   \t(No symbol) [0x00007FF6E28E1B84]\n   \tGetHandleVerifier [0x00007FF6E2DD7F52+3524194]\n   \tGetHandleVerifier [0x00007FF6E2E2D800+3874576]\n   \tGetHandleVerifier [0x00007FF6E2E25D7F+3843215]\n   \tGetHandleVerifier [0x00007FF6E2B25086+694166]\n   \t(No symbol) [0x00007FF6E2A00A88]\n   \t(No symbol) [0x00007FF6E29FCA94]\n   \t(No symbol) [0x00007FF6E29FCBC2]\n   \t(No symbol) [0x00007FF6E29ECC83]\n   \tBaseThreadInitThunk [0x00007FF807634ED0+16]\n   \tRtlUserThreadStart [0x00007FF8090EE20B+43]\n", "test_name": "test_payment_scenario", "rerun": "0"}, "5": {"status": "PASS", "message": "", "test_name": "test_TravelCash", "rerun": "0"}}, "suite_name": "Tests/test_E2E.py"}}}, "date": "October 11, 2023", "start_time": 1697026063.4491286, "total_suite": 1, "status": "FAIL", "status_list": {"pass": "2", "fail": "4", "skip": "0", "error": "0", "xpass": "0", "xfail": "0", "rerun": "0"}, "total_tests": "6"}